<?xml version="1.0" encoding="UTF-8"?>
<!-- Generated by org.testng.reporters.JUnitReportReporter -->
<testsuite hostname="DESKTOP-9PUA9QM" failures="0" tests="2" name="testScript.ManageCategoryTest" time="12.885" errors="0" timestamp="2025-06-02T21:49:09 IST" skipped="0">
  <testcase classname="testScript.ManageCategoryTest" name="verifyTheUserIsAbleToAddNewCategory" time="7.520"/>
  <testcase classname="testScript.ManageCategoryTest" name="verifyTheUserIsAbleToDeleteCategory" time="5.365"/>
</testsuite> <!-- testScript.ManageCategoryTest -->
