<?xml version="1.0" encoding="UTF-8"?>
<!-- Generated by org.testng.reporters.JUnitReportReporter -->
<testsuite hostname="DESKTOP-9PUA9QM" failures="0" tests="1" name="testScript.ManageFooterTest" time="7.126" errors="0" timestamp="2025-05-31T10:40:38 IST" skipped="0">
  <testcase classname="testScript.ManageFooterTest" name="verifyTheUpdateButtonIsDisplayed" time="7.126"/>
</testsuite> <!-- testScript.ManageFooterTest -->
