<?xml version="1.0" encoding="UTF-8"?>
<!-- Generated by org.testng.reporters.JUnitReportReporter -->
<testsuite hostname="DESKTOP-9PUA9QM" failures="0" tests="1" name="testScript.AdminUserTest" time="7.925" errors="0" timestamp="2025-05-31T10:34:50 IST" skipped="0">
  <testcase classname="testScript.AdminUserTest" name="verifyTheUserIsAbleToAddAdminUser" time="7.925"/>
</testsuite> <!-- testScript.AdminUserTest -->
