<?xml version="1.0" encoding="UTF-8"?>
<!-- Generated by org.testng.reporters.JUnitReportReporter -->
<testsuite hostname="DESKTOP-9PUA9QM" failures="0" tests="1" name="testScript.HomeTest" time="5.615" errors="0" timestamp="2025-06-03T21:45:33 IST" skipped="0">
  <testcase classname="testScript.HomeTest" name="verifyTheUserIsAbleTologOut" time="5.615"/>
</testsuite> <!-- testScript.HomeTest -->
