<?xml version="1.0" encoding="UTF-8"?>
<!-- Generated by org.testng.reporters.JUnitReportReporter -->
<testsuite hostname="DESKTOP-9PUA9QM" failures="0" tests="1" name="testScript.HomeTest" time="6.882" errors="0" timestamp="2025-06-04T15:40:36 IST" skipped="0">
  <testcase classname="testScript.HomeTest" name="verifyTheUserIsAbleTologOut" time="6.882"/>
</testsuite> <!-- testScript.HomeTest -->
