<?xml version="1.0" encoding="UTF-8"?>
<!-- Generated by org.testng.reporters.JUnitReportReporter -->
<testsuite hostname="DESKTOP-9PUA9QM" failures="0" tests="1" name="testScript.LogOutTest" time="5.441" errors="0" timestamp="2025-05-31T10:41:03 IST" skipped="0">
  <testcase classname="testScript.LogOutTest" name="verifyTheUserIsAbleTologOut" time="5.441"/>
</testsuite> <!-- testScript.LogOutTest -->
