<?xml version="1.0" encoding="UTF-8"?>
<!-- Generated by org.testng.reporters.JUnitReportReporter -->
<testsuite hostname="DESKTOP-9PUA9QM" failures="0" tests="2" name="testScript.ManageContactTest" time="12.349" errors="0" timestamp="2025-06-03T21:27:09 IST" skipped="0">
  <testcase classname="testScript.ManageContactTest" name="verifyTheUpdateButtonIsDisplayed" time="5.344"/>
  <testcase classname="testScript.ManageContactTest" name="verifyUserIsAbleToEditContact" time="7.005"/>
</testsuite> <!-- testScript.ManageContactTest -->
