<?xml version="1.0" encoding="UTF-8"?>
<!-- Generated by org.testng.reporters.JUnitReportReporter -->
<testsuite hostname="DESKTOP-9PUA9QM" failures="0" tests="1" name="testScript.ManageContactTest" time="11.593" errors="0" timestamp="2025-05-31T10:41:49 IST" skipped="0">
  <testcase classname="testScript.ManageContactTest" name="verifyUserIsAbleToEditContact" time="11.593"/>
</testsuite> <!-- testScript.ManageContactTest -->
