<?xml version="1.0" encoding="UTF-8"?>
<!-- Generated by org.testng.reporters.JUnitReportReporter -->
<testsuite hostname="DESKTOP-9PUA9QM" failures="0" tests="2" name="testScript.ManageFooterTest" time="11.691" errors="0" timestamp="2025-06-03T21:44:41 IST" skipped="0">
  <testcase classname="testScript.ManageFooterTest" name="verifyTheUpdateButtonIsDisplayed" time="5.758"/>
  <testcase classname="testScript.ManageFooterTest" name="verifyTheUserIsAbleToManageFooterText" time="5.933"/>
</testsuite> <!-- testScript.ManageFooterTest -->
