<?xml version="1.0" encoding="UTF-8"?>
<!-- Generated by org.testng.reporters.JUnitReportReporter -->
<testsuite hostname="DESKTOP-9PUA9QM" failures="0" tests="1" name="testScript.ManageCategoryTest" time="15.957" errors="0" timestamp="2025-05-30T22:56:51 IST" skipped="0">
  <testcase classname="testScript.ManageCategoryTest" name="verifyTheUserIsAbleToDeleteCategory" time="15.957"/>
</testsuite> <!-- testScript.ManageCategoryTest -->
