<?xml version="1.0" encoding="UTF-8"?>
<!-- Generated by org.testng.reporters.JUnitReportReporter -->
<testsuite hostname="DESKTOP-9PUA9QM" failures="0" tests="1" name="testScript.ManageNewsTest" time="6.434" errors="0" timestamp="2025-05-31T10:42:11 IST" skipped="0">
  <testcase classname="testScript.ManageNewsTest" name="verifyTheUserIsAbleToAddMangeNews" time="6.434"/>
</testsuite> <!-- testScript.ManageNewsTest -->
