<?xml version="1.0" encoding="UTF-8"?>
<!-- Generated by org.testng.reporters.JUnitReportReporter -->
<testsuite hostname="DESKTOP-9PUA9QM" failures="0" tests="2" name="testScript.ManageFooterTest" time="10.294" errors="0" timestamp="2025-06-02T21:49:09 IST" skipped="0">
  <testcase classname="testScript.ManageFooterTest" name="verifyTheUpdateButtonIsDisplayed" time="4.700"/>
  <testcase classname="testScript.ManageFooterTest" name="verifyTheUserIsAbleToManageFooterText" time="5.594"/>
</testsuite> <!-- testScript.ManageFooterTest -->
