<?xml version="1.0" encoding="UTF-8"?>
<!-- Generated by org.testng.reporters.JUnitReportReporter -->
<testsuite hostname="DESKTOP-9PUA9QM" failures="0" tests="2" name="testScript.ManageCategoryTest" time="12.960" errors="0" timestamp="2025-06-03T21:37:06 IST" skipped="0">
  <testcase classname="testScript.ManageCategoryTest" name="verifyTheUserIsAbleToAddNewCategory" time="7.756"/>
  <testcase classname="testScript.ManageCategoryTest" name="verifyTheUserIsAbleToDeleteCategory" time="5.204"/>
</testsuite> <!-- testScript.ManageCategoryTest -->
